# JRE version: Java(TM) SE Runtime Environment (8.0_66-b17) (build 1.8.0_66-b17)
# Java VM: Java HotSpot(TM) 64-Bit Server VM (25.66-b17 mixed mode bsd-amd64 compressed oops)
Heap:
 PSYoungGen      total 9728K, used 2431K [0x00000007bf580000, 0x00000007c0000000, 0x00000007c0000000)
  eden space 8704K, 16% used [0x00000007bf580000,0x00000007bf6dfea8,0x00000007bfe00000)
  from space 1024K, 100% used [0x00000007bfe00000,0x00000007bff00000,0x00000007bff00000)
  to   space 1024K, 0% used [0x00000007bff00000,0x00000007bff00000,0x00000007c0000000)
 ParOldGen       total 22016K, used 4702K [0x00000007be000000, 0x00000007bf580000, 0x00000007bf580000)
  object space 22016K, 21% used [0x00000007be000000,0x00000007be497b88,0x00000007bf580000)
 Metaspace       used 11379K, capacity 11596K, committed 11904K, reserved 1060864K
  class space    used 1247K, capacity 1350K, committed 1408K, reserved 1048576K
GC Heap History (6 events):
Event: 30.287 GC heap before
{Heap before GC invocations=1 (full 0):
 PSYoungGen      total 9728K, used 8704K [0x00000007bf580000, 0x00000007c0000000, 0x00000007c0000000)
  eden space 8704K, 100% used [0x00000007bf580000,0x00000007bfe00000,0x00000007bfe00000)
  from space 1024K, 0% used [0x00000007bff00000,0x00000007bff00000,0x00000007c0000000)
  to   space 1024K, 0% used [0x00000007bfe00000,0x00000007bfe00000,0x00000007bff00000)
 ParOldGen       total 22016K, used 0K [0x00000007be000000, 0x00000007bf580000, 0x00000007bf580000)
  object space 22016K, 0% used [0x00000007be000000,0x00000007be000000,0x00000007bf580000)
 Metaspace       used 8199K, capacity 8364K, committed 8448K, reserved 1056768K
  class space    used 910K, capacity 974K, committed 1024K, reserved 1048576K
Event: 30.291 GC heap after
Heap after GC invocations=1 (full 0):
 PSYoungGen      total 9728K, used 1015K [0x00000007bf580000, 0x00000007c0000000, 0x00000007c0000000)
  eden space 8704K, 0% used [0x00000007bf580000,0x00000007bf580000,0x00000007bfe00000)
  from space 1024K, 99% used [0x00000007bfe00000,0x00000007bfefdec8,0x00000007bff00000)
  to   space 1024K, 0% used [0x00000007bff00000,0x00000007bff00000,0x00000007c0000000)
 ParOldGen       total 22016K, used 1539K [0x00000007be000000, 0x00000007bf580000, 0x00000007bf580000)
  object space 22016K, 6% used [0x00000007be000000,0x00000007be180c18,0x00000007bf580000)
 Metaspace       used 8199K, capacity 8364K, committed 8448K, reserved 1056768K
  class space    used 910K, capacity 974K, committed 1024K, reserved 1048576K
}
Event: 30.509 GC heap before
{Heap before GC invocations=2 (full 0):
 PSYoungGen      total 9728K, used 9719K [0x00000007bf580000, 0x00000007c0000000, 0x00000007c0000000)
  eden space 8704K, 100% used [0x00000007bf580000,0x00000007bfe00000,0x00000007bfe00000)
  from space 1024K, 99% used [0x00000007bfe00000,0x00000007bfefdec8,0x00000007bff00000)
  to   space 1024K, 0% used [0x00000007bff00000,0x00000007bff00000,0x00000007c0000000)
 ParOldGen       total 22016K, used 1539K [0x00000007be000000, 0x00000007bf580000, 0x00000007bf580000)
  object space 22016K, 6% used [0x00000007be000000,0x00000007be180c18,0x00000007bf580000)
 Metaspace       used 9858K, capacity 10026K, committed 10240K, reserved 1058816K
  class space    used 1090K, capacity 1179K, committed 1280K, reserved 1048576K
Event: 30.512 GC heap after
Heap after GC invocations=2 (full 0):
 PSYoungGen      total 9728K, used 1024K [0x00000007bf580000, 0x00000007c0000000, 0x00000007c0000000)
  eden space 8704K, 0% used [0x00000007bf580000,0x00000007bf580000,0x00000007bfe00000)
  from space 1024K, 100% used [0x00000007bff00000,0x00000007c0000000,0x00000007c0000000)
  to   space 1024K, 0% used [0x00000007bfe00000,0x00000007bfe00000,0x00000007bff00000)
 ParOldGen       total 22016K, used 3516K [0x00000007be000000, 0x00000007bf580000, 0x00000007bf580000)
  object space 22016K, 15% used [0x00000007be000000,0x00000007be36f058,0x00000007bf580000)
 Metaspace       used 9858K, capacity 10026K, committed 10240K, reserved 1058816K
  class space    used 1090K, capacity 1179K, committed 1280K, reserved 1048576K
}
Event: 7144.931 GC heap before
{Heap before GC invocations=3 (full 0):
 PSYoungGen      total 9728K, used 9728K [0x00000007bf580000, 0x00000007c0000000, 0x00000007c0000000)
  eden space 8704K, 100% used [0x00000007bf580000,0x00000007bfe00000,0x00000007bfe00000)
  from space 1024K, 100% used [0x00000007bff00000,0x00000007c0000000,0x00000007c0000000)
  to   space 1024K, 0% used [0x00000007bfe00000,0x00000007bfe00000,0x00000007bff00000)
 ParOldGen       total 22016K, used 3516K [0x00000007be000000, 0x00000007bf580000, 0x00000007bf580000)
  object space 22016K, 15% used [0x00000007be000000,0x00000007be36f058,0x00000007bf580000)
 Metaspace       used 11372K, capacity 11596K, committed 11904K, reserved 1060864K
  class space    used 1246K, capacity 1350K, committed 1408K, reserved 1048576K
Event: 7144.936 GC heap after
Heap after GC invocations=3 (full 0):
 PSYoungGen      total 9728K, used 1024K [0x00000007bf580000, 0x00000007c0000000, 0x00000007c0000000)
  eden space 8704K, 0% used [0x00000007bf580000,0x00000007bf580000,0x00000007bfe00000)
  from space 1024K, 100% used [0x00000007bfe00000,0x00000007bff00000,0x00000007bff00000)
  to   space 1024K, 0% used [0x00000007bff00000,0x00000007bff00000,0x00000007c0000000)
 ParOldGen       total 22016K, used 4702K [0x00000007be000000, 0x00000007bf580000, 0x00000007bf580000)
  object space 22016K, 21% used [0x00000007be000000,0x00000007be497b88,0x00000007bf580000)
 Metaspace       used 11372K, capacity 11596K, committed 11904K, reserved 1060864K
  class space    used 1246K, capacity 1350K, committed 1408K, reserved 1048576K
}

